Traceback (most recent call last):
  File "/opt/anaconda3/lib/python3.9/site-packages/jupyter_cache/executors/utils.py", line 51, in single_nb_execution
    executenb(
  File "/opt/anaconda3/lib/python3.9/site-packages/nbclient/client.py", line 1112, in execute
    return NotebookClient(nb=nb, resources=resources, km=km, **kwargs).execute()
  File "/opt/anaconda3/lib/python3.9/site-packages/nbclient/util.py", line 74, in wrapped
    return just_run(coro(*args, **kwargs))
  File "/opt/anaconda3/lib/python3.9/site-packages/nbclient/util.py", line 53, in just_run
    return loop.run_until_complete(coro)
  File "/opt/anaconda3/lib/python3.9/asyncio/base_events.py", line 642, in run_until_complete
    return future.result()
  File "/opt/anaconda3/lib/python3.9/site-packages/nbclient/client.py", line 553, in async_execute
    await self.async_execute_cell(
  File "/opt/anaconda3/lib/python3.9/site-packages/nbclient/client.py", line 857, in async_execute_cell
    self._check_raise_for_error(cell, exec_reply)
  File "/opt/anaconda3/lib/python3.9/site-packages/nbclient/client.py", line 760, in _check_raise_for_error
    raise CellExecutionError.from_cell_and_msg(cell, exec_reply_content)
nbclient.exceptions.CellExecutionError: An error occurred while executing the following cell:
------------------
def volume(outerRadius : int, innerRadius : int, height : int) -> float:
    """calculates the volume of a hollow cylinder based 
    on the radius of the outer and inner cylinder"""
    
    surfaceC1 : float = math.pi * outerRadius**2
    surfaceC2 : float = math.pi * innerRadius**2
    print('surfaceC1 is', surfaceC1)
    print('surfaceC2 is', surfaceC2)
    
    return 0.0

volume(3, 1, 4)
------------------

[0;31m---------------------------------------------------------------------------[0m
[0;31mNameError[0m                                 Traceback (most recent call last)
[0;32m/var/folders/rm/jpz9s5s53h1gyb3l6pg_h57r0000gn/T/ipykernel_22733/2447505522.py[0m in [0;36m<module>[0;34m[0m
[1;32m     10[0m     [0;32mreturn[0m [0;36m0.0[0m[0;34m[0m[0;34m[0m[0m
[1;32m     11[0m [0;34m[0m[0m
[0;32m---> 12[0;31m [0mvolume[0m[0;34m([0m[0;36m3[0m[0;34m,[0m [0;36m1[0m[0;34m,[0m [0;36m4[0m[0;34m)[0m[0;34m[0m[0;34m[0m[0m
[0m
[0;32m/var/folders/rm/jpz9s5s53h1gyb3l6pg_h57r0000gn/T/ipykernel_22733/2447505522.py[0m in [0;36mvolume[0;34m(outerRadius, innerRadius, height)[0m
[1;32m      3[0m     on the radius of the outer and inner cylinder"""
[1;32m      4[0m [0;34m[0m[0m
[0;32m----> 5[0;31m     [0msurfaceC1[0m [0;34m:[0m [0mfloat[0m [0;34m=[0m [0mmath[0m[0;34m.[0m[0mpi[0m [0;34m*[0m [0mouterRadius[0m[0;34m**[0m[0;36m2[0m[0;34m[0m[0;34m[0m[0m
[0m[1;32m      6[0m     [0msurfaceC2[0m [0;34m:[0m [0mfloat[0m [0;34m=[0m [0mmath[0m[0;34m.[0m[0mpi[0m [0;34m*[0m [0minnerRadius[0m[0;34m**[0m[0;36m2[0m[0;34m[0m[0;34m[0m[0m
[1;32m      7[0m     [0mprint[0m[0;34m([0m[0;34m'surfaceC1 is'[0m[0;34m,[0m [0msurfaceC1[0m[0;34m)[0m[0;34m[0m[0;34m[0m[0m

[0;31mNameError[0m: name 'math' is not defined
NameError: name 'math' is not defined

